<?xml version="1.0" encoding="UTF-8"?>
<!-- Generated by org.testng.reporters.JUnitXMLReporter -->
<testsuite hostname="admin-PC" name="Default test" tests="25" failures="0" timestamp="25 Jun 2020 13:06:57 GMT" time="222.254" errors="0">
  <testcase name="registerPage" time="9.06" classname="pkg.pag"/>
  <testcase name="registerPage" time="8.536" classname="pkg.pag"/>
  <testcase name="registerPage" time="8.303" classname="pkg.pag"/>
  <testcase name="registerPage" time="8.084" classname="pkg.pag"/>
  <testcase name="registerPage" time="7.951" classname="pkg.pag"/>
  <testcase name="registerPage" time="8.206" classname="pkg.pag"/>
  <testcase name="registerPage" time="8.185" classname="pkg.pag"/>
  <testcase name="registerPage" time="8.332" classname="pkg.pag"/>
  <testcase name="registerPage" time="8.214" classname="pkg.pag"/>
  <testcase name="registerPage" time="8.245" classname="pkg.pag"/>
  <testcase name="registerPage" time="8.129" classname="pkg.pag"/>
  <testcase name="registerPage" time="8.031" classname="pkg.pag"/>
  <testcase name="registerPage" time="8.009" classname="pkg.pag"/>
  <testcase name="registerPage" time="8.303" classname="pkg.pag"/>
  <testcase name="registerPage" time="10.044" classname="pkg.pag"/>
  <testcase name="registerPage" time="9.492" classname="pkg.pag"/>
  <testcase name="registerPage" time="9.598" classname="pkg.pag"/>
  <testcase name="registerPage" time="11.142" classname="pkg.pag"/>
  <testcase name="registerPage" time="10.287" classname="pkg.pag"/>
  <testcase name="registerPage" time="10.8" classname="pkg.pag"/>
  <testcase name="registerPage" time="8.877" classname="pkg.pag"/>
  <testcase name="registerPage" time="8.742" classname="pkg.pag"/>
  <testcase name="registerPage" time="8.775" classname="pkg.pag"/>
  <testcase name="registerPage" time="8.623" classname="pkg.pag"/>
  <testcase name="registerPage" time="9.161" classname="pkg.pag"/>
</testsuite> <!-- Default test -->
