<?xml version="1.0" encoding="UTF-8"?>
<!-- Generated by org.testng.reporters.JUnitXMLReporter -->
<testsuite hostname="admin-PC" name="Test" tests="53" failures="53" timestamp="24 Jun 2020 15:38:37 GMT" time="1.267" errors="0">
  <testcase name="registerPage" time="0.01" classname="pkg.pag">
    <failure type="java.lang.NullPointerException">
      <![CDATA[java.lang.NullPointerException
	at pkg.pag.registerPage(pag.java:16)
... Removed 24 stack frames]]>
    </failure>
  </testcase> <!-- registerPage -->
  <testcase name="registerPage" time="0.002" classname="pkg.pag">
    <failure type="java.lang.NullPointerException">
      <![CDATA[java.lang.NullPointerException
	at pkg.pag.registerPage(pag.java:16)
... Removed 24 stack frames]]>
    </failure>
  </testcase> <!-- registerPage -->
  <testcase name="registerPage" time="0.002" classname="pkg.pag">
    <failure type="java.lang.NullPointerException">
      <![CDATA[java.lang.NullPointerException
	at pkg.pag.registerPage(pag.java:16)
... Removed 24 stack frames]]>
    </failure>
  </testcase> <!-- registerPage -->
  <testcase name="registerPage" time="0.002" classname="pkg.pag">
    <failure type="java.lang.NullPointerException">
      <![CDATA[java.lang.NullPointerException
	at pkg.pag.registerPage(pag.java:16)
... Removed 24 stack frames]]>
    </failure>
  </testcase> <!-- registerPage -->
  <testcase name="registerPage" time="0.002" classname="pkg.pag">
    <failure type="java.lang.NullPointerException">
      <![CDATA[java.lang.NullPointerException
	at pkg.pag.registerPage(pag.java:16)
... Removed 24 stack frames]]>
    </failure>
  </testcase> <!-- registerPage -->
  <testcase name="registerPage" time="0.001" classname="pkg.pag">
    <failure type="java.lang.NullPointerException">
      <![CDATA[java.lang.NullPointerException
	at pkg.pag.registerPage(pag.java:16)
... Removed 24 stack frames]]>
    </failure>
  </testcase> <!-- registerPage -->
  <testcase name="registerPage" time="0.001" classname="pkg.pag">
    <failure type="java.lang.NullPointerException">
      <![CDATA[java.lang.NullPointerException
	at pkg.pag.registerPage(pag.java:16)
... Removed 24 stack frames]]>
    </failure>
  </testcase> <!-- registerPage -->
  <testcase name="registerPage" time="0.002" classname="pkg.pag">
    <failure type="java.lang.NullPointerException">
      <![CDATA[java.lang.NullPointerException
	at pkg.pag.registerPage(pag.java:16)
... Removed 24 stack frames]]>
    </failure>
  </testcase> <!-- registerPage -->
  <testcase name="registerPage" time="0.002" classname="pkg.pag">
    <failure type="java.lang.NullPointerException">
      <![CDATA[java.lang.NullPointerException
	at pkg.pag.registerPage(pag.java:16)
... Removed 24 stack frames]]>
    </failure>
  </testcase> <!-- registerPage -->
  <testcase name="registerPage" time="0.002" classname="pkg.pag">
    <failure type="java.lang.NullPointerException">
      <![CDATA[java.lang.NullPointerException
	at pkg.pag.registerPage(pag.java:16)
... Removed 24 stack frames]]>
    </failure>
  </testcase> <!-- registerPage -->
  <testcase name="registerPage" time="0.003" classname="pkg.pag">
    <failure type="java.lang.NullPointerException">
      <![CDATA[java.lang.NullPointerException
	at pkg.pag.registerPage(pag.java:16)
... Removed 24 stack frames]]>
    </failure>
  </testcase> <!-- registerPage -->
  <testcase name="registerPage" time="0.004" classname="pkg.pag">
    <failure type="java.lang.NullPointerException">
      <![CDATA[java.lang.NullPointerException
	at pkg.pag.registerPage(pag.java:16)
... Removed 24 stack frames]]>
    </failure>
  </testcase> <!-- registerPage -->
  <testcase name="registerPage" time="0.002" classname="pkg.pag">
    <failure type="java.lang.NullPointerException">
      <![CDATA[java.lang.NullPointerException
	at pkg.pag.registerPage(pag.java:16)
... Removed 24 stack frames]]>
    </failure>
  </testcase> <!-- registerPage -->
  <testcase name="registerPage" time="0.002" classname="pkg.pag">
    <failure type="java.lang.NullPointerException">
      <![CDATA[java.lang.NullPointerException
	at pkg.pag.registerPage(pag.java:16)
... Removed 24 stack frames]]>
    </failure>
  </testcase> <!-- registerPage -->
  <testcase name="registerPage" time="0.002" classname="pkg.pag">
    <failure type="java.lang.NullPointerException">
      <![CDATA[java.lang.NullPointerException
	at pkg.pag.registerPage(pag.java:16)
... Removed 24 stack frames]]>
    </failure>
  </testcase> <!-- registerPage -->
  <testcase name="registerPage" time="0.002" classname="pkg.pag">
    <failure type="java.lang.NullPointerException">
      <![CDATA[java.lang.NullPointerException
	at pkg.pag.registerPage(pag.java:16)
... Removed 24 stack frames]]>
    </failure>
  </testcase> <!-- registerPage -->
  <testcase name="registerPage" time="0.002" classname="pkg.pag">
    <failure type="java.lang.NullPointerException">
      <![CDATA[java.lang.NullPointerException
	at pkg.pag.registerPage(pag.java:16)
... Removed 23 stack frames]]>
    </failure>
  </testcase> <!-- registerPage -->
  <testcase name="registerPage" time="0.003" classname="pkg.pag">
    <failure type="java.lang.NullPointerException">
      <![CDATA[java.lang.NullPointerException
	at pkg.pag.registerPage(pag.java:16)
... Removed 23 stack frames]]>
    </failure>
  </testcase> <!-- registerPage -->
  <testcase name="registerPage" time="0.002" classname="pkg.pag">
    <failure type="java.lang.NullPointerException">
      <![CDATA[java.lang.NullPointerException
	at pkg.pag.registerPage(pag.java:16)
... Removed 23 stack frames]]>
    </failure>
  </testcase> <!-- registerPage -->
  <testcase name="registerPage" time="0.002" classname="pkg.pag">
    <failure type="java.lang.NullPointerException">
      <![CDATA[java.lang.NullPointerException
	at pkg.pag.registerPage(pag.java:16)
... Removed 23 stack frames]]>
    </failure>
  </testcase> <!-- registerPage -->
  <testcase name="registerPage" time="0.002" classname="pkg.pag">
    <failure type="java.lang.NullPointerException">
      <![CDATA[java.lang.NullPointerException
	at pkg.pag.registerPage(pag.java:16)
... Removed 23 stack frames]]>
    </failure>
  </testcase> <!-- registerPage -->
  <testcase name="registerPage" time="0.002" classname="pkg.pag">
    <failure type="java.lang.NullPointerException">
      <![CDATA[java.lang.NullPointerException
	at pkg.pag.registerPage(pag.java:16)
... Removed 23 stack frames]]>
    </failure>
  </testcase> <!-- registerPage -->
  <testcase name="registerPage" time="0.002" classname="pkg.pag">
    <failure type="java.lang.NullPointerException">
      <![CDATA[java.lang.NullPointerException
	at pkg.pag.registerPage(pag.java:16)
... Removed 23 stack frames]]>
    </failure>
  </testcase> <!-- registerPage -->
  <testcase name="registerPage" time="0.002" classname="pkg.pag">
    <failure type="java.lang.NullPointerException">
      <![CDATA[java.lang.NullPointerException
	at pkg.pag.registerPage(pag.java:16)
... Removed 23 stack frames]]>
    </failure>
  </testcase> <!-- registerPage -->
  <testcase name="registerPage" time="0.002" classname="pkg.pag">
    <failure type="java.lang.NullPointerException">
      <![CDATA[java.lang.NullPointerException
	at pkg.pag.registerPage(pag.java:16)
... Removed 23 stack frames]]>
    </failure>
  </testcase> <!-- registerPage -->
  <testcase name="registerPage" time="0.001" classname="pkg.pag">
    <failure type="java.lang.NullPointerException">
      <![CDATA[java.lang.NullPointerException
	at pkg.pag.registerPage(pag.java:16)
... Removed 23 stack frames]]>
    </failure>
  </testcase> <!-- registerPage -->
  <testcase name="registerPage" time="0.002" classname="pkg.pag">
    <failure type="java.lang.NullPointerException">
      <![CDATA[java.lang.NullPointerException
	at pkg.pag.registerPage(pag.java:16)
... Removed 23 stack frames]]>
    </failure>
  </testcase> <!-- registerPage -->
  <testcase name="registerPage" time="0.002" classname="pkg.pag">
    <failure type="java.lang.NullPointerException">
      <![CDATA[java.lang.NullPointerException
	at pkg.pag.registerPage(pag.java:16)
... Removed 23 stack frames]]>
    </failure>
  </testcase> <!-- registerPage -->
  <testcase name="registerPage" time="0.001" classname="pkg.pag">
    <failure type="java.lang.NullPointerException">
      <![CDATA[java.lang.NullPointerException
	at pkg.pag.registerPage(pag.java:16)
... Removed 23 stack frames]]>
    </failure>
  </testcase> <!-- registerPage -->
  <testcase name="registerPage" time="0.006" classname="pkg.pag">
    <failure type="java.lang.NullPointerException">
      <![CDATA[java.lang.NullPointerException
	at pkg.pag.registerPage(pag.java:16)
... Removed 23 stack frames]]>
    </failure>
  </testcase> <!-- registerPage -->
  <testcase name="registerPage" time="0.002" classname="pkg.pag">
    <failure type="java.lang.NullPointerException">
      <![CDATA[java.lang.NullPointerException
	at pkg.pag.registerPage(pag.java:16)
... Removed 23 stack frames]]>
    </failure>
  </testcase> <!-- registerPage -->
  <testcase name="registerPage" time="0.003" classname="pkg.pag">
    <failure type="java.lang.NullPointerException">
      <![CDATA[java.lang.NullPointerException
	at pkg.pag.registerPage(pag.java:16)
... Removed 23 stack frames]]>
    </failure>
  </testcase> <!-- registerPage -->
  <testcase name="registerPage" time="0.002" classname="pkg.pag">
    <failure type="java.lang.NullPointerException">
      <![CDATA[java.lang.NullPointerException
	at pkg.pag.registerPage(pag.java:16)
... Removed 23 stack frames]]>
    </failure>
  </testcase> <!-- registerPage -->
  <testcase name="registerPage" time="0.002" classname="pkg.pag">
    <failure type="java.lang.NullPointerException">
      <![CDATA[java.lang.NullPointerException
	at pkg.pag.registerPage(pag.java:16)
... Removed 23 stack frames]]>
    </failure>
  </testcase> <!-- registerPage -->
  <testcase name="registerPage" time="0.001" classname="pkg.pag">
    <failure type="java.lang.NullPointerException">
      <![CDATA[java.lang.NullPointerException
	at pkg.pag.registerPage(pag.java:16)
... Removed 23 stack frames]]>
    </failure>
  </testcase> <!-- registerPage -->
  <testcase name="registerPage" time="0.001" classname="pkg.pag">
    <failure type="java.lang.NullPointerException">
      <![CDATA[java.lang.NullPointerException
	at pkg.pag.registerPage(pag.java:16)
... Removed 23 stack frames]]>
    </failure>
  </testcase> <!-- registerPage -->
  <testcase name="registerPage" time="0.002" classname="pkg.pag">
    <failure type="java.lang.NullPointerException">
      <![CDATA[java.lang.NullPointerException
	at pkg.pag.registerPage(pag.java:16)
... Removed 23 stack frames]]>
    </failure>
  </testcase> <!-- registerPage -->
  <testcase name="registerPage" time="0.001" classname="pkg.pag">
    <failure type="java.lang.NullPointerException">
      <![CDATA[java.lang.NullPointerException
	at pkg.pag.registerPage(pag.java:16)
... Removed 23 stack frames]]>
    </failure>
  </testcase> <!-- registerPage -->
  <testcase name="registerPage" time="0.001" classname="pkg.pag">
    <failure type="java.lang.NullPointerException">
      <![CDATA[java.lang.NullPointerException
	at pkg.pag.registerPage(pag.java:16)
... Removed 23 stack frames]]>
    </failure>
  </testcase> <!-- registerPage -->
  <testcase name="registerPage" time="0.001" classname="pkg.pag">
    <failure type="java.lang.NullPointerException">
      <![CDATA[java.lang.NullPointerException
	at pkg.pag.registerPage(pag.java:16)
... Removed 23 stack frames]]>
    </failure>
  </testcase> <!-- registerPage -->
  <testcase name="registerPage" time="0.005" classname="pkg.pag">
    <failure type="java.lang.NullPointerException">
      <![CDATA[java.lang.NullPointerException
	at pkg.pag.registerPage(pag.java:16)
... Removed 23 stack frames]]>
    </failure>
  </testcase> <!-- registerPage -->
  <testcase name="registerPage" time="0.004" classname="pkg.pag">
    <failure type="java.lang.NullPointerException">
      <![CDATA[java.lang.NullPointerException
	at pkg.pag.registerPage(pag.java:16)
... Removed 23 stack frames]]>
    </failure>
  </testcase> <!-- registerPage -->
  <testcase name="registerPage" time="0.002" classname="pkg.pag">
    <failure type="java.lang.NullPointerException">
      <![CDATA[java.lang.NullPointerException
	at pkg.pag.registerPage(pag.java:16)
... Removed 23 stack frames]]>
    </failure>
  </testcase> <!-- registerPage -->
  <testcase name="registerPage" time="0.045" classname="pkg.pag">
    <failure type="java.lang.NullPointerException">
      <![CDATA[java.lang.NullPointerException
	at pkg.pag.registerPage(pag.java:16)
... Removed 23 stack frames]]>
    </failure>
  </testcase> <!-- registerPage -->
  <testcase name="registerPage" time="0.001" classname="pkg.pag">
    <failure type="java.lang.NullPointerException">
      <![CDATA[java.lang.NullPointerException
	at pkg.pag.registerPage(pag.java:16)
... Removed 23 stack frames]]>
    </failure>
  </testcase> <!-- registerPage -->
  <testcase name="registerPage" time="0.002" classname="pkg.pag">
    <failure type="java.lang.NullPointerException">
      <![CDATA[java.lang.NullPointerException
	at pkg.pag.registerPage(pag.java:16)
... Removed 23 stack frames]]>
    </failure>
  </testcase> <!-- registerPage -->
  <testcase name="registerPage" time="0.003" classname="pkg.pag">
    <failure type="java.lang.NullPointerException">
      <![CDATA[java.lang.NullPointerException
	at pkg.pag.registerPage(pag.java:16)
... Removed 23 stack frames]]>
    </failure>
  </testcase> <!-- registerPage -->
  <testcase name="registerPage" time="0.003" classname="pkg.pag">
    <failure type="java.lang.NullPointerException">
      <![CDATA[java.lang.NullPointerException
	at pkg.pag.registerPage(pag.java:16)
... Removed 23 stack frames]]>
    </failure>
  </testcase> <!-- registerPage -->
  <testcase name="registerPage" time="0.002" classname="pkg.pag">
    <failure type="java.lang.NullPointerException">
      <![CDATA[java.lang.NullPointerException
	at pkg.pag.registerPage(pag.java:16)
... Removed 23 stack frames]]>
    </failure>
  </testcase> <!-- registerPage -->
  <testcase name="registerPage" time="0.002" classname="pkg.pag">
    <failure type="java.lang.NullPointerException">
      <![CDATA[java.lang.NullPointerException
	at pkg.pag.registerPage(pag.java:16)
... Removed 23 stack frames]]>
    </failure>
  </testcase> <!-- registerPage -->
  <testcase name="registerPage" time="0.002" classname="pkg.pag">
    <failure type="java.lang.NullPointerException">
      <![CDATA[java.lang.NullPointerException
	at pkg.pag.registerPage(pag.java:16)
... Removed 23 stack frames]]>
    </failure>
  </testcase> <!-- registerPage -->
  <testcase name="registerPage" time="0.003" classname="pkg.pag">
    <failure type="java.lang.NullPointerException">
      <![CDATA[java.lang.NullPointerException
	at pkg.pag.registerPage(pag.java:16)
... Removed 23 stack frames]]>
    </failure>
  </testcase> <!-- registerPage -->
  <testcase name="registerPage" time="0.004" classname="pkg.pag">
    <failure type="java.lang.NullPointerException">
      <![CDATA[java.lang.NullPointerException
	at pkg.pag.registerPage(pag.java:16)
... Removed 23 stack frames]]>
    </failure>
  </testcase> <!-- registerPage -->
</testsuite> <!-- Test -->
